#
# There is insufficient memory for the Java Runtime Environment to continue.
# Native memory allocation (malloc) failed to allocate 1695216 bytes for Chunk::new
# Possible reasons:
#   The system is out of physical RAM or swap space
#   In 32 bit mode, the process size limit was hit
# Possible solutions:
#   Reduce memory load on the system
#   Increase physical memory or swap space
#   Check if swap backing store is full
#   Use 64 bit Java on a 64 bit OS
#   Decrease Java heap size (-Xmx/-Xms)
#   Decrease number of Java threads
#   Decrease Java thread stack sizes (-Xss)
#   Set larger code cache with -XX:ReservedCodeCacheSize=
# This output file may be truncated or incomplete.
#
#  Out of Memory Error (allocation.cpp:323), pid=42832, tid=40400
#
# JRE version: Java(TM) SE Runtime Environment (7.0_79-b15) (build 1.7.0_79-b15)
# Java VM: Java HotSpot(TM) 64-Bit Server VM (24.79-b02 mixed mode windows-amd64 compressed oops)
# Failed to write core dump. Minidumps are not enabled by default on client versions of Windows
#

---------------  T H R E A D  ---------------

Current thread (0x00000000023cd000):  JavaThread "C2 CompilerThread1" daemon [_thread_in_native, id=40400, stack(0x0000000011cc0000,0x0000000011dc0000)]

Stack: [0x0000000011cc0000,0x0000000011dc0000]
[error occurred during error reporting (printing stack bounds), id 0xc0000005]


Current CompileTask:
C2:   4383  717             org.sonatype.guice.plexus.locators.DefaultPlexusBeans$Itr::next (5 bytes)


---------------  P R O C E S S  ---------------

Java Threads: ( => current thread )
  0x00000000115e3000 JavaThread "Service Thread" daemon [_thread_blocked, id=45312, stack(0x0000000011dc0000,0x0000000011ec0000)]
=>0x00000000023cd000 JavaThread "C2 CompilerThread1" daemon [_thread_in_native, id=40400, stack(0x0000000011cc0000,0x0000000011dc0000)]
  0x00000000023c7800 JavaThread "C2 CompilerThread0" daemon [_thread_in_native, id=38240, stack(0x0000000011bc0000,0x0000000011cc0000)]
  0x00000000023c6800 JavaThread "Attach Listener" daemon [_thread_blocked, id=45728, stack(0x0000000011ac0000,0x0000000011bc0000)]
  0x00000000115e1800 JavaThread "Signal Dispatcher" daemon [_thread_blocked, id=46472, stack(0x00000000119c0000,0x0000000011ac0000)]
  0x000000000f5fe000 JavaThread "Finalizer" daemon [_thread_blocked, id=24872, stack(0x00000000114c0000,0x00000000115c0000)]
  0x000000000f5f7800 JavaThread "Reference Handler" daemon [_thread_blocked, id=45856, stack(0x00000000113c0000,0x00000000114c0000)]
  0x00000000022cd800 JavaThread "main" [_thread_in_native, id=46848, stack(0x0000000002100000,0x0000000002200000)]

Other Threads:
  0x000000000f5f3800 VMThread [stack: 0x00000000112c0000,0x00000000113c0000] [id=46132]
  0x00000000023ce800 WatcherThread [stack: 0x0000000011ec0000,0x0000000011fc0000] [id=46536]

VM state:not at safepoint (normal execution)

VM Mutex/Monitor currently owned by a thread: None

Heap
 PSYoungGen      total 141824K, used 39489K [0x00000007aaf00000, 0x00000007b4400000, 0x0000000800000000)
  eden space 131072K, 21% used [0x00000007aaf00000,0x00000007acb12e70,0x00000007b2f00000)
  from space 10752K, 99% used [0x00000007b2f00000,0x00000007b397d8e8,0x00000007b3980000)
  to   space 10752K, 0% used [0x00000007b3980000,0x00000007b3980000,0x00000007b4400000)
 ParOldGen       total 174080K, used 17829K [0x0000000700e00000, 0x000000070b800000, 0x00000007aaf00000)
  object space 174080K, 10% used [0x0000000700e00000,0x0000000701f697d8,0x000000070b800000)
 PSPermGen       total 21504K, used 18364K [0x00000006fbc00000, 0x00000006fd100000, 0x0000000700e00000)
  object space 21504K, 85% used [0x00000006fbc00000,0x00000006fcdef308,0x00000006fd100000)

Card table byte_map: [0x00000000053d0000,0x0000000005c00000] byte_map_base: 0x0000000001bf2000

Polling page: 0x0000000000660000

Code Cache  [0x00000000023d0000, 0x0000000002640000, 0x00000000053d0000)
 total_blobs=993 nmethods=686 adapters=258 free_code_cache=46830Kb largest_free_block=47814400

Compilation events (10 events):
Event: 4.266 Thread 0x00000000023cd000 nmethod 712 0x00000000024bfdd0 code [0x00000000024bff20, 0x00000000024bffe8]
Event: 4.266 Thread 0x00000000023cd000  713             java.util.TreeMap$PrivateEntryIterator::nextEntry (54 bytes)
Event: 4.267 Thread 0x00000000023cd000 nmethod 713 0x00000000024bf9d0 code [0x00000000024bfb20, 0x00000000024bfc58]
Event: 4.306 Thread 0x00000000023cd000  714             java.util.HashMap::putForCreate (101 bytes)
Event: 4.310 Thread 0x00000000023cd000 nmethod 714 0x00000000024a8a50 code [0x00000000024a8c00, 0x00000000024a9288]
Event: 4.310 Thread 0x00000000023cd000  715             java.util.HashMap::putAllForCreate (51 bytes)
Event: 4.311 Thread 0x00000000023cd000 nmethod 715 0x00000000024a83d0 code [0x00000000024a8560, 0x00000000024a8768]
Event: 4.311 Thread 0x00000000023cd000  716             org.sonatype.guice.bean.locators.RankedSequence$Itr::next (47 bytes)
Event: 4.314 Thread 0x00000000023cd000 nmethod 716 0x00000000024f9010 code [0x00000000024f9160, 0x00000000024f9478]
Event: 4.314 Thread 0x00000000023cd000  717             org.sonatype.guice.plexus.locators.DefaultPlexusBeans$Itr::next (5 bytes)

GC Heap History (10 events):
Event: 0.942 GC heap before
{Heap before GC invocations=1 (full 0):
 PSYoungGen      total 76288K, used 65536K [0x00000007aaf00000, 0x00000007b0400000, 0x0000000800000000)
  eden space 65536K, 100% used [0x00000007aaf00000,0x00000007aef00000,0x00000007aef00000)
  from space 10752K, 0% used [0x00000007af980000,0x00000007af980000,0x00000007b0400000)
  to   space 10752K, 0% used [0x00000007aef00000,0x00000007aef00000,0x00000007af980000)
 ParOldGen       total 174080K, used 0K [0x0000000700e00000, 0x000000070b800000, 0x00000007aaf00000)
  object space 174080K, 0% used [0x0000000700e00000,0x0000000700e00000,0x000000070b800000)
 PSPermGen       total 21504K, used 11784K [0x00000006fbc00000, 0x00000006fd100000, 0x0000000700e00000)
  object space 21504K, 54% used [0x00000006fbc00000,0x00000006fc782378,0x00000006fd100000)
Event: 0.950 GC heap after
Heap after GC invocations=1 (full 0):
 PSYoungGen      total 76288K, used 10047K [0x00000007aaf00000, 0x00000007b0400000, 0x0000000800000000)
  eden space 65536K, 0% used [0x00000007aaf00000,0x00000007aaf00000,0x00000007aef00000)
  from space 10752K, 93% used [0x00000007aef00000,0x00000007af8cfff0,0x00000007af980000)
  to   space 10752K, 0% used [0x00000007af980000,0x00000007af980000,0x00000007b0400000)
 ParOldGen       total 174080K, used 8K [0x0000000700e00000, 0x000000070b800000, 0x00000007aaf00000)
  object space 174080K, 0% used [0x0000000700e00000,0x0000000700e02000,0x000000070b800000)
 PSPermGen       total 21504K, used 11784K [0x00000006fbc00000, 0x00000006fd100000, 0x0000000700e00000)
  object space 21504K, 54% used [0x00000006fbc00000,0x00000006fc782378,0x00000006fd100000)
}
Event: 1.353 GC heap before
{Heap before GC invocations=2 (full 0):
 PSYoungGen      total 76288K, used 75583K [0x00000007aaf00000, 0x00000007b0400000, 0x0000000800000000)
  eden space 65536K, 100% used [0x00000007aaf00000,0x00000007aef00000,0x00000007aef00000)
  from space 10752K, 93% used [0x00000007aef00000,0x00000007af8cfff0,0x00000007af980000)
  to   space 10752K, 0% used [0x00000007af980000,0x00000007af980000,0x00000007b0400000)
 ParOldGen       total 174080K, used 8K [0x0000000700e00000, 0x000000070b800000, 0x00000007aaf00000)
  object space 174080K, 0% used [0x0000000700e00000,0x0000000700e02000,0x000000070b800000)
 PSPermGen       total 21504K, used 12360K [0x00000006fbc00000, 0x00000006fd100000, 0x0000000700e00000)
  object space 21504K, 57% used [0x00000006fbc00000,0x00000006fc8122b8,0x00000006fd100000)
Event: 1.358 GC heap after
Heap after GC invocations=2 (full 0):
 PSYoungGen      total 76288K, used 8102K [0x00000007aaf00000, 0x00000007b4400000, 0x0000000800000000)
  eden space 65536K, 0% used [0x00000007aaf00000,0x00000007aaf00000,0x00000007aef00000)
  from space 10752K, 75% used [0x00000007af980000,0x00000007b0169940,0x00000007b0400000)
  to   space 10752K, 0% used [0x00000007aef00000,0x00000007aef00000,0x00000007af980000)
 ParOldGen       total 174080K, used 16K [0x0000000700e00000, 0x000000070b800000, 0x00000007aaf00000)
  object space 174080K, 0% used [0x0000000700e00000,0x0000000700e04000,0x000000070b800000)
 PSPermGen       total 21504K, used 12360K [0x00000006fbc00000, 0x00000006fd100000, 0x0000000700e00000)
  object space 21504K, 57% used [0x00000006fbc00000,0x00000006fc8122b8,0x00000006fd100000)
}
Event: 1.651 GC heap before
{Heap before GC invocations=3 (full 0):
 PSYoungGen      total 76288K, used 73638K [0x00000007aaf00000, 0x00000007b4400000, 0x0000000800000000)
  eden space 65536K, 100% used [0x00000007aaf00000,0x00000007aef00000,0x00000007aef00000)
  from space 10752K, 75% used [0x00000007af980000,0x00000007b0169940,0x00000007b0400000)
  to   space 10752K, 0% used [0x00000007aef00000,0x00000007aef00000,0x00000007af980000)
 ParOldGen       total 174080K, used 16K [0x0000000700e00000, 0x000000070b800000, 0x00000007aaf00000)
  object space 174080K, 0% used [0x0000000700e00000,0x0000000700e04000,0x000000070b800000)
 PSPermGen       total 21504K, used 12420K [0x00000006fbc00000, 0x00000006fd100000, 0x0000000700e00000)
  object space 21504K, 57% used [0x00000006fbc00000,0x00000006fc8212b8,0x00000006fd100000)
Event: 1.658 GC heap after
Heap after GC invocations=3 (full 0):
 PSYoungGen      total 76288K, used 10736K [0x00000007aaf00000, 0x00000007b4400000, 0x0000000800000000)
  eden space 65536K, 0% used [0x00000007aaf00000,0x00000007aaf00000,0x00000007aef00000)
  from space 10752K, 99% used [0x00000007aef00000,0x00000007af97c010,0x00000007af980000)
  to   space 10752K, 0% used [0x00000007b3980000,0x00000007b3980000,0x00000007b4400000)
 ParOldGen       total 174080K, used 48K [0x0000000700e00000, 0x000000070b800000, 0x00000007aaf00000)
  object space 174080K, 0% used [0x0000000700e00000,0x0000000700e0c000,0x000000070b800000)
 PSPermGen       total 21504K, used 12420K [0x00000006fbc00000, 0x00000006fd100000, 0x0000000700e00000)
  object space 21504K, 57% used [0x00000006fbc00000,0x00000006fc8212b8,0x00000006fd100000)
}
Event: 2.156 GC heap before
{Heap before GC invocations=4 (full 0):
 PSYoungGen      total 76288K, used 76272K [0x00000007aaf00000, 0x00000007b4400000, 0x0000000800000000)
  eden space 65536K, 100% used [0x00000007aaf00000,0x00000007aef00000,0x00000007aef00000)
  from space 10752K, 99% used [0x00000007aef00000,0x00000007af97c010,0x00000007af980000)
  to   space 10752K, 0% used [0x00000007b3980000,0x00000007b3980000,0x00000007b4400000)
 ParOldGen       total 174080K, used 48K [0x0000000700e00000, 0x000000070b800000, 0x00000007aaf00000)
  object space 174080K, 0% used [0x0000000700e00000,0x0000000700e0c000,0x000000070b800000)
 PSPermGen       total 21504K, used 13150K [0x00000006fbc00000, 0x00000006fd100000, 0x0000000700e00000)
  object space 21504K, 61% used [0x00000006fbc00000,0x00000006fc8d7b68,0x00000006fd100000)
Event: 2.163 GC heap after
Heap after GC invocations=4 (full 0):
 PSYoungGen      total 141824K, used 10736K [0x00000007aaf00000, 0x00000007b4400000, 0x0000000800000000)
  eden space 131072K, 0% used [0x00000007aaf00000,0x00000007aaf00000,0x00000007b2f00000)
  from space 10752K, 99% used [0x00000007b3980000,0x00000007b43fc180,0x00000007b4400000)
  to   space 10752K, 0% used [0x00000007b2f00000,0x00000007b2f00000,0x00000007b3980000)
 ParOldGen       total 174080K, used 3198K [0x0000000700e00000, 0x000000070b800000, 0x00000007aaf00000)
  object space 174080K, 1% used [0x0000000700e00000,0x000000070111faf8,0x000000070b800000)
 PSPermGen       total 21504K, used 13150K [0x00000006fbc00000, 0x00000006fd100000, 0x0000000700e00000)
  object space 21504K, 61% used [0x00000006fbc00000,0x00000006fc8d7b68,0x00000006fd100000)
}
Event: 4.040 GC heap before
{Heap before GC invocations=5 (full 0):
 PSYoungGen      total 141824K, used 141808K [0x00000007aaf00000, 0x00000007b4400000, 0x0000000800000000)
  eden space 131072K, 100% used [0x00000007aaf00000,0x00000007b2f00000,0x00000007b2f00000)
  from space 10752K, 99% used [0x00000007b3980000,0x00000007b43fc180,0x00000007b4400000)
  to   space 10752K, 0% used [0x00000007b2f00000,0x00000007b2f00000,0x00000007b3980000)
 ParOldGen       total 174080K, used 3198K [0x0000000700e00000, 0x000000070b800000, 0x00000007aaf00000)
  object space 174080K, 1% used [0x0000000700e00000,0x000000070111faf8,0x000000070b800000)
 PSPermGen       total 21504K, used 17280K [0x00000006fbc00000, 0x00000006fd100000, 0x0000000700e00000)
  object space 21504K, 80% used [0x00000006fbc00000,0x00000006fcce03e8,0x00000006fd100000)
Event: 4.053 GC heap after
Heap after GC invocations=5 (full 0):
 PSYoungGen      total 141824K, used 10742K [0x00000007aaf00000, 0x00000007b4400000, 0x0000000800000000)
  eden space 131072K, 0% used [0x00000007aaf00000,0x00000007aaf00000,0x00000007b2f00000)
  from space 10752K, 99% used [0x00000007b2f00000,0x00000007b397d8e8,0x00000007b3980000)
  to   space 10752K, 0% used [0x00000007b3980000,0x00000007b3980000,0x00000007b4400000)
 ParOldGen       total 174080K, used 17829K [0x0000000700e00000, 0x000000070b800000, 0x00000007aaf00000)
  object space 174080K, 10% used [0x0000000700e00000,0x0000000701f697d8,0x000000070b800000)
 PSPermGen       total 21504K, used 17280K [0x00000006fbc00000, 0x00000006fd100000, 0x0000000700e00000)
  object space 21504K, 80% used [0x00000006fbc00000,0x00000006fcce03e8,0x00000006fd100000)
}

Deoptimization events (10 events):
Event: 3.126 Thread 0x00000000022cd800 Uncommon trap: reason=class_check action=maybe_recompile pc=0x0000000002570fcc method=java.util.AbstractMap.equals(Ljava/lang/Object;)Z @ 8
Event: 3.626 Thread 0x00000000022cd800 Uncommon trap: reason=class_check action=maybe_recompile pc=0x0000000002570fcc method=java.util.AbstractMap.equals(Ljava/lang/Object;)Z @ 8
Event: 3.823 Thread 0x00000000022cd800 Uncommon trap: reason=class_check action=maybe_recompile pc=0x00000000024401cc method=sun.misc.URLClassPath.getLoader(I)Lsun/misc/URLClassPath$Loader; @ 150
Event: 3.823 Thread 0x00000000022cd800 Uncommon trap: reason=class_check action=maybe_recompile pc=0x00000000024401cc method=sun.misc.URLClassPath.getLoader(I)Lsun/misc/URLClassPath$Loader; @ 150
Event: 3.877 Thread 0x00000000022cd800 Uncommon trap: reason=predicate action=maybe_recompile pc=0x0000000002614e78 method=java.util.ComparableTimSort.mergeHi(IIII)V @ 174
Event: 4.119 Thread 0x00000000022cd800 Uncommon trap: reason=null_check action=make_not_entrant pc=0x0000000002448140 method=org.apache.maven.model.merge.MavenModelMerger.mergePlugin_Executions(Lorg/apache/maven/model/Plugin;Lorg/apache/maven/model/Plugin;ZLjava/util/Map;)V @ 180
Event: 4.288 Thread 0x00000000022cd800 Uncommon trap: reason=bimorphic action=maybe_recompile pc=0x0000000002595364 method=java.util.HashMap.putAll(Ljava/util/Map;)V @ 121
Event: 4.305 Thread 0x00000000022cd800 Uncommon trap: reason=unreached action=reinterpret pc=0x0000000002520b20 method=org.apache.maven.model.Dependency.clone()Lorg/apache/maven/model/Dependency; @ 76
Event: 4.306 Thread 0x00000000022cd800 Uncommon trap: reason=unreached action=reinterpret pc=0x000000000254a05c method=org.apache.maven.model.PluginContainer.clone()Lorg/apache/maven/model/PluginContainer; @ 76
Event: 4.344 Thread 0x00000000022cd800 Uncommon trap: reason=bimorphic action=maybe_recompile pc=0x00000000026204fc method=java.util.regex.Pattern$Curly.study(Ljava/util/regex/Pattern$TreeInfo;)Z @ 149

Internal exceptions (10 events):
Event: 4.357 Thread 0x00000000022cd800 Threw 0x00000007ac82f160 at C:\re\jdk7u79\2331\hotspot\src\share\vm\prims\jvm.cpp:1304
Event: 4.357 Thread 0x00000000022cd800 Threw 0x00000007ac836f88 at C:\re\jdk7u79\2331\hotspot\src\share\vm\prims\jvm.cpp:1304
Event: 4.359 Thread 0x00000000022cd800 Threw 0x00000007ac84e1d0 at C:\re\jdk7u79\2331\hotspot\src\share\vm\prims\jvm.cpp:1304
Event: 4.360 Thread 0x00000000022cd800 Threw 0x00000007ac850080 at C:\re\jdk7u79\2331\hotspot\src\share\vm\prims\jvm.cpp:1304
Event: 4.360 Thread 0x00000000022cd800 Threw 0x00000007ac8576e8 at C:\re\jdk7u79\2331\hotspot\src\share\vm\prims\jvm.cpp:1304
Event: 4.361 Thread 0x00000000022cd800 Threw 0x00000007ac8617d0 at C:\re\jdk7u79\2331\hotspot\src\share\vm\prims\jvm.cpp:1304
Event: 4.361 Thread 0x00000000022cd800 Threw 0x00000007ac868aa8 at C:\re\jdk7u79\2331\hotspot\src\share\vm\prims\jvm.cpp:1304
Event: 4.362 Thread 0x00000000022cd800 Threw 0x00000007ac86c888 at C:\re\jdk7u79\2331\hotspot\src\share\vm\prims\jvm.cpp:1304
Event: 4.362 Thread 0x00000000022cd800 Threw 0x00000007ac872b78 at C:\re\jdk7u79\2331\hotspot\src\share\vm\prims\jvm.cpp:1304
Event: 4.363 Thread 0x00000000022cd800 Threw 0x00000007ac878f60 at C:\re\jdk7u79\2331\hotspot\src\share\vm\prims\jvm.cpp:1304

Events (10 events):
Event: 4.362 loading class 0x000000001293f9a0
Event: 4.362 loading class 0x000000001293f9a0 done
Event: 4.362 loading class 0x000000001293f360
Event: 4.362 loading class 0x000000001293f360 done
Event: 4.362 loading class 0x000000001293f360
Event: 4.362 loading class 0x000000001293f360 done
Event: 4.363 loading class 0x00000000125ab2b0
Event: 4.363 loading class 0x00000000125ab2b0 done
Event: 4.363 loading class 0x00000000125ab2b0
Event: 4.363 loading class 0x00000000125ab2b0 done


Dynamic libraries:
0x00007ff70dd70000 - 0x00007ff70dda3000 	C:\Program Files\Java\jdk1.7.0_79\bin\java.exe
0x00007ffbf7e80000 - 0x00007ffbf8061000 	C:\WINDOWS\SYSTEM32\ntdll.dll
0x00007ffbccc00000 - 0x00007ffbccc12000 	C:\Program Files\AVAST Software\Avast\aswhook.dll
0x00007ffbf5370000 - 0x00007ffbf5421000 	C:\WINDOWS\System32\KERNEL32.DLL
0x00007ffbf4a50000 - 0x00007ffbf4cc3000 	C:\WINDOWS\System32\KERNELBASE.dll
0x00007ffbf7250000 - 0x00007ffbf72f1000 	C:\WINDOWS\System32\ADVAPI32.dll
0x00007ffbf7db0000 - 0x00007ffbf7e4e000 	C:\WINDOWS\System32\msvcrt.dll
0x00007ffbf5310000 - 0x00007ffbf536b000 	C:\WINDOWS\System32\sechost.dll
0x00007ffbf5920000 - 0x00007ffbf5a44000 	C:\WINDOWS\System32\RPCRT4.dll
0x00007ffbf77a0000 - 0x00007ffbf7930000 	C:\WINDOWS\System32\USER32.dll
0x00007ffbf4cd0000 - 0x00007ffbf4cf0000 	C:\WINDOWS\System32\win32u.dll
0x00007ffbf5430000 - 0x00007ffbf5458000 	C:\WINDOWS\System32\GDI32.dll
0x00007ffbf4fc0000 - 0x00007ffbf5152000 	C:\WINDOWS\System32\gdi32full.dll
0x00007ffbf4960000 - 0x00007ffbf49ff000 	C:\WINDOWS\System32\msvcp_win.dll
0x00007ffbf5210000 - 0x00007ffbf5308000 	C:\WINDOWS\System32\ucrtbase.dll
0x00007ffbebaf0000 - 0x00007ffbebd59000 	C:\WINDOWS\WinSxS\amd64_microsoft.windows.common-controls_6595b64144ccf1df_6.0.17134.706_none_fb43a2cb30647007\COMCTL32.dll
0x00007ffbf7930000 - 0x00007ffbf7c52000 	C:\WINDOWS\System32\combase.dll
0x00007ffbf4cf0000 - 0x00007ffbf4d6a000 	C:\WINDOWS\System32\bcryptPrimitives.dll
0x00007ffbf74a0000 - 0x00007ffbf74cd000 	C:\WINDOWS\System32\IMM32.DLL
0x000000006cf40000 - 0x000000006d012000 	C:\Program Files\Java\jdk1.7.0_79\jre\bin\msvcr100.dll
0x000000006d020000 - 0x000000006d7f5000 	C:\Program Files\Java\jdk1.7.0_79\jre\bin\server\jvm.dll
0x00007ffbf5460000 - 0x00007ffbf5468000 	C:\WINDOWS\System32\PSAPI.DLL
0x00007ffbe2740000 - 0x00007ffbe2749000 	C:\WINDOWS\SYSTEM32\WSOCK32.dll
0x00007ffbf74d0000 - 0x00007ffbf753c000 	C:\WINDOWS\System32\WS2_32.dll
0x00007ffbf2360000 - 0x00007ffbf2383000 	C:\WINDOWS\SYSTEM32\WINMM.dll
0x00007ffbf2330000 - 0x00007ffbf235a000 	C:\WINDOWS\SYSTEM32\WINMMBASE.dll
0x00007ffbf4a00000 - 0x00007ffbf4a49000 	C:\WINDOWS\System32\cfgmgr32.dll
0x000000006cef0000 - 0x000000006ceff000 	C:\Program Files\Java\jdk1.7.0_79\jre\bin\verify.dll
0x000000006cec0000 - 0x000000006cee8000 	C:\Program Files\Java\jdk1.7.0_79\jre\bin\java.dll
0x000000006cea0000 - 0x000000006ceb5000 	C:\Program Files\Java\jdk1.7.0_79\jre\bin\zip.dll
0x000000006ce80000 - 0x000000006ce9a000 	C:\Program Files\Java\jdk1.7.0_79\jre\bin\net.dll
0x00007ffbf3a10000 - 0x00007ffbf3a76000 	C:\WINDOWS\system32\mswsock.dll
0x000000006ce60000 - 0x000000006ce71000 	C:\Program Files\Java\jdk1.7.0_79\jre\bin\nio.dll

VM Arguments:
jvm_args: -Dclassworlds.conf=D:\NetBeans 8.1\java\maven\bin\m2.conf -Dmaven.home=D:\NetBeans 8.1\java\maven 
java_command: org.codehaus.plexus.classworlds.launcher.Launcher -DskipTests=true -Dmaven.ext.class.path=D:\NetBeans 8.1\java\maven-nblib\netbeans-eventspy.jar -Dfile.encoding=UTF-8 install
Launcher Type: SUN_STANDARD

Environment Variables:
JAVA_HOME=C:\Program Files\Java\jdk1.7.0_79
PATH=C:\Program Files\Microsoft MPI\Bin\;C:\Program Files (x86)\Common Files\Oracle\Java\javapath;C:\ProgramData\Oracle\Java\javapath;C:\WINDOWS\system32;C:\WINDOWS;C:\WINDOWS\System32\Wbem;C:\WINDOWS\System32\WindowsPowerShell\v1.0\;C:\Program Files (x86)\GtkSharp\2.12\bin;C:\Program Files\Git\cmd;C:\Program Files\nodejs\;C:\ProgramData\chocolatey\bin;C:\WINDOWS\System32\OpenSSH\;C:\Program Files (x86)\NVIDIA Corporation\PhysX\Common;C:\Program Files\dotnet\;C:\Program Files\Microsoft SQL Server\130\Tools\Binn\;D:\mercurial\;C:\Program Files\NVIDIA Corporation\NVIDIA NvDLISR;C:\Users\LucasRoman\AppData\Local\Microsoft\WindowsApps;C:\Users\LucasRoman\AppData\Roaming\npm;
USERNAME=LucasRoman
OS=Windows_NT
PROCESSOR_IDENTIFIER=Intel64 Family 6 Model 60 Stepping 3, GenuineIntel



---------------  S Y S T E M  ---------------

OS: Windows 8.1 , 64 bit Build 9600 

CPU:total 8 (4 cores per cpu, 2 threads per core) family 6 model 60 stepping 3, cmov, cx8, fxsr, mmx, sse, sse2, sse3, ssse3, sse4.1, sse4.2, popcnt, avx, avx2, aes, erms, ht, tsc, tscinvbit

Memory: 4k page, physical 16712616k(6195880k free), swap 20056176k(6336k free)

vm_info: Java HotSpot(TM) 64-Bit Server VM (24.79-b02) for windows-amd64 JRE (1.7.0_79-b15), built on Apr 10 2015 12:36:16 by "java_re" with unknown MS VC++:1600

time: Sun May 05 04:00:01 2019
elapsed time: 4 seconds

