#
# There is insufficient memory for the Java Runtime Environment to continue.
# Native memory allocation (malloc) failed to allocate 783216 bytes for Chunk::new
# Possible reasons:
#   The system is out of physical RAM or swap space
#   In 32 bit mode, the process size limit was hit
# Possible solutions:
#   Reduce memory load on the system
#   Increase physical memory or swap space
#   Check if swap backing store is full
#   Use 64 bit Java on a 64 bit OS
#   Decrease Java heap size (-Xmx/-Xms)
#   Decrease number of Java threads
#   Decrease Java thread stack sizes (-Xss)
#   Set larger code cache with -XX:ReservedCodeCacheSize=
# This output file may be truncated or incomplete.
#
#  Out of Memory Error (allocation.cpp:323), pid=46984, tid=34352
#
# JRE version: Java(TM) SE Runtime Environment (7.0_79-b15) (build 1.7.0_79-b15)
# Java VM: Java HotSpot(TM) 64-Bit Server VM (24.79-b02 mixed mode windows-amd64 compressed oops)
# Failed to write core dump. Minidumps are not enabled by default on client versions of Windows
#

---------------  T H R E A D  ---------------

Current thread (0x000000000267a800):  JavaThread "C2 CompilerThread1" daemon [_thread_in_native, id=34352, stack(0x0000000011f80000,0x0000000012080000)]

Stack: [0x0000000011f80000,0x0000000012080000]

Current CompileTask:
C2:   4732  738             org.sonatype.guice.plexus.locators.RealmFilter$FilteredItr::next (5 bytes)


---------------  P R O C E S S  ---------------

Java Threads: ( => current thread )
  0x000000000267b800 JavaThread "Service Thread" daemon [_thread_blocked, id=45328, stack(0x0000000012080000,0x0000000012180000)]
=>0x000000000267a800 JavaThread "C2 CompilerThread1" daemon [_thread_in_native, id=34352, stack(0x0000000011f80000,0x0000000012080000)]
  0x0000000002677000 JavaThread "C2 CompilerThread0" daemon [_thread_in_native, id=46260, stack(0x0000000011e80000,0x0000000011f80000)]
  0x0000000002675800 JavaThread "Attach Listener" daemon [_thread_blocked, id=40928, stack(0x0000000011d80000,0x0000000011e80000)]
  0x00000000118a1800 JavaThread "Signal Dispatcher" daemon [_thread_blocked, id=38856, stack(0x0000000011c80000,0x0000000011d80000)]
  0x000000000f8b0000 JavaThread "Finalizer" daemon [_thread_blocked, id=43944, stack(0x0000000011780000,0x0000000011880000)]
  0x000000000f8a9000 JavaThread "Reference Handler" daemon [_thread_blocked, id=46740, stack(0x0000000011680000,0x0000000011780000)]
  0x000000000257d800 JavaThread "main" [_thread_in_Java, id=46784, stack(0x0000000002390000,0x0000000002490000)]

Other Threads:
  0x000000000f8a4000 VMThread [stack: 0x0000000011580000,0x0000000011680000] [id=42064]
  0x00000000118ae000 WatcherThread [stack: 0x0000000012180000,0x0000000012280000] [id=46428]

VM state:not at safepoint (normal execution)

VM Mutex/Monitor currently owned by a thread: None

Heap
 PSYoungGen      total 141824K, used 60168K [0x00000007aaf00000, 0x00000007b4400000, 0x0000000800000000)
  eden space 131072K, 37% used [0x00000007aaf00000,0x00000007adf48a90,0x00000007b2f00000)
  from space 10752K, 99% used [0x00000007b2f00000,0x00000007b39798a0,0x00000007b3980000)
  to   space 10752K, 0% used [0x00000007b3980000,0x00000007b3980000,0x00000007b4400000)
 ParOldGen       total 174080K, used 18142K [0x0000000700e00000, 0x000000070b800000, 0x00000007aaf00000)
  object space 174080K, 10% used [0x0000000700e00000,0x0000000701fb7b70,0x000000070b800000)
 PSPermGen       total 21504K, used 18688K [0x00000006fbc00000, 0x00000006fd100000, 0x0000000700e00000)
  object space 21504K, 86% used [0x00000006fbc00000,0x00000006fce40340,0x00000006fd100000)

Card table byte_map: [0x0000000005680000,0x0000000005eb0000] byte_map_base: 0x0000000001ea2000

Polling page: 0x0000000002310000

Code Cache  [0x0000000002680000, 0x0000000002940000, 0x0000000005680000)
 total_blobs=1015 nmethods=707 adapters=259 free_code_cache=46538Kb largest_free_block=47453696

Compilation events (10 events):
Event: 4.452 Thread 0x000000000267a800 nmethod 733 0x000000000276aad0 code [0x000000000276ac20, 0x000000000276acf8]
Event: 4.453 Thread 0x000000000267a800  734             java.lang.String::concat (47 bytes)
Event: 4.455 Thread 0x000000000267a800 nmethod 734 0x00000000027632d0 code [0x0000000002763420, 0x00000000027637b8]
Event: 4.460 Thread 0x000000000267a800  735             org.sonatype.guice.bean.locators.RankedSequence$Itr::next (47 bytes)
Event: 4.463 Thread 0x000000000267a800 nmethod 735 0x0000000002725950 code [0x0000000002725aa0, 0x0000000002725db8]
Event: 4.463 Thread 0x000000000267a800  736             org.sonatype.guice.plexus.locators.DefaultPlexusBeans$Itr::next (5 bytes)
Event: 4.589 Thread 0x0000000002677000 nmethod 724 0x00000000029088d0 code [0x00000000029096a0, 0x0000000002910ed0]
Event: 4.589 Thread 0x0000000002677000  737             org.sonatype.guice.plexus.locators.DefaultPlexusBeans$Itr::next (20 bytes)
Event: 4.654 Thread 0x000000000267a800 nmethod 736 0x0000000002922d90 code [0x0000000002923740, 0x000000000292bd20]
Event: 4.655 Thread 0x000000000267a800  738             org.sonatype.guice.plexus.locators.RealmFilter$FilteredItr::next (5 bytes)

GC Heap History (10 events):
Event: 0.918 GC heap before
{Heap before GC invocations=1 (full 0):
 PSYoungGen      total 76288K, used 65536K [0x00000007aaf00000, 0x00000007b0400000, 0x0000000800000000)
  eden space 65536K, 100% used [0x00000007aaf00000,0x00000007aef00000,0x00000007aef00000)
  from space 10752K, 0% used [0x00000007af980000,0x00000007af980000,0x00000007b0400000)
  to   space 10752K, 0% used [0x00000007aef00000,0x00000007aef00000,0x00000007af980000)
 ParOldGen       total 174080K, used 0K [0x0000000700e00000, 0x000000070b800000, 0x00000007aaf00000)
  object space 174080K, 0% used [0x0000000700e00000,0x0000000700e00000,0x000000070b800000)
 PSPermGen       total 21504K, used 11786K [0x00000006fbc00000, 0x00000006fd100000, 0x0000000700e00000)
  object space 21504K, 54% used [0x00000006fbc00000,0x00000006fc782aa8,0x00000006fd100000)
Event: 0.926 GC heap after
Heap after GC invocations=1 (full 0):
 PSYoungGen      total 76288K, used 10111K [0x00000007aaf00000, 0x00000007b0400000, 0x0000000800000000)
  eden space 65536K, 0% used [0x00000007aaf00000,0x00000007aaf00000,0x00000007aef00000)
  from space 10752K, 94% used [0x00000007aef00000,0x00000007af8dfd48,0x00000007af980000)
  to   space 10752K, 0% used [0x00000007af980000,0x00000007af980000,0x00000007b0400000)
 ParOldGen       total 174080K, used 8K [0x0000000700e00000, 0x000000070b800000, 0x00000007aaf00000)
  object space 174080K, 0% used [0x0000000700e00000,0x0000000700e02000,0x000000070b800000)
 PSPermGen       total 21504K, used 11786K [0x00000006fbc00000, 0x00000006fd100000, 0x0000000700e00000)
  object space 21504K, 54% used [0x00000006fbc00000,0x00000006fc782aa8,0x00000006fd100000)
}
Event: 1.328 GC heap before
{Heap before GC invocations=2 (full 0):
 PSYoungGen      total 76288K, used 75647K [0x00000007aaf00000, 0x00000007b0400000, 0x0000000800000000)
  eden space 65536K, 100% used [0x00000007aaf00000,0x00000007aef00000,0x00000007aef00000)
  from space 10752K, 94% used [0x00000007aef00000,0x00000007af8dfd48,0x00000007af980000)
  to   space 10752K, 0% used [0x00000007af980000,0x00000007af980000,0x00000007b0400000)
 ParOldGen       total 174080K, used 8K [0x0000000700e00000, 0x000000070b800000, 0x00000007aaf00000)
  object space 174080K, 0% used [0x0000000700e00000,0x0000000700e02000,0x000000070b800000)
 PSPermGen       total 21504K, used 12354K [0x00000006fbc00000, 0x00000006fd100000, 0x0000000700e00000)
  object space 21504K, 57% used [0x00000006fbc00000,0x00000006fc810ab8,0x00000006fd100000)
Event: 1.333 GC heap after
Heap after GC invocations=2 (full 0):
 PSYoungGen      total 76288K, used 8033K [0x00000007aaf00000, 0x00000007b4400000, 0x0000000800000000)
  eden space 65536K, 0% used [0x00000007aaf00000,0x00000007aaf00000,0x00000007aef00000)
  from space 10752K, 74% used [0x00000007af980000,0x00000007b0158458,0x00000007b0400000)
  to   space 10752K, 0% used [0x00000007aef00000,0x00000007aef00000,0x00000007af980000)
 ParOldGen       total 174080K, used 16K [0x0000000700e00000, 0x000000070b800000, 0x00000007aaf00000)
  object space 174080K, 0% used [0x0000000700e00000,0x0000000700e04000,0x000000070b800000)
 PSPermGen       total 21504K, used 12354K [0x00000006fbc00000, 0x00000006fd100000, 0x0000000700e00000)
  object space 21504K, 57% used [0x00000006fbc00000,0x00000006fc810ab8,0x00000006fd100000)
}
Event: 1.635 GC heap before
{Heap before GC invocations=3 (full 0):
 PSYoungGen      total 76288K, used 73569K [0x00000007aaf00000, 0x00000007b4400000, 0x0000000800000000)
  eden space 65536K, 100% used [0x00000007aaf00000,0x00000007aef00000,0x00000007aef00000)
  from space 10752K, 74% used [0x00000007af980000,0x00000007b0158458,0x00000007b0400000)
  to   space 10752K, 0% used [0x00000007aef00000,0x00000007aef00000,0x00000007af980000)
 ParOldGen       total 174080K, used 16K [0x0000000700e00000, 0x000000070b800000, 0x00000007aaf00000)
  object space 174080K, 0% used [0x0000000700e00000,0x0000000700e04000,0x000000070b800000)
 PSPermGen       total 21504K, used 12419K [0x00000006fbc00000, 0x00000006fd100000, 0x0000000700e00000)
  object space 21504K, 57% used [0x00000006fbc00000,0x00000006fc820ed0,0x00000006fd100000)
Event: 1.640 GC heap after
Heap after GC invocations=3 (full 0):
 PSYoungGen      total 76288K, used 10720K [0x00000007aaf00000, 0x00000007b4400000, 0x0000000800000000)
  eden space 65536K, 0% used [0x00000007aaf00000,0x00000007aaf00000,0x00000007aef00000)
  from space 10752K, 99% used [0x00000007aef00000,0x00000007af978170,0x00000007af980000)
  to   space 10752K, 0% used [0x00000007b3980000,0x00000007b3980000,0x00000007b4400000)
 ParOldGen       total 174080K, used 112K [0x0000000700e00000, 0x000000070b800000, 0x00000007aaf00000)
  object space 174080K, 0% used [0x0000000700e00000,0x0000000700e1c000,0x000000070b800000)
 PSPermGen       total 21504K, used 12419K [0x00000006fbc00000, 0x00000006fd100000, 0x0000000700e00000)
  object space 21504K, 57% used [0x00000006fbc00000,0x00000006fc820ed0,0x00000006fd100000)
}
Event: 2.274 GC heap before
{Heap before GC invocations=4 (full 0):
 PSYoungGen      total 76288K, used 76256K [0x00000007aaf00000, 0x00000007b4400000, 0x0000000800000000)
  eden space 65536K, 100% used [0x00000007aaf00000,0x00000007aef00000,0x00000007aef00000)
  from space 10752K, 99% used [0x00000007aef00000,0x00000007af978170,0x00000007af980000)
  to   space 10752K, 0% used [0x00000007b3980000,0x00000007b3980000,0x00000007b4400000)
 ParOldGen       total 174080K, used 112K [0x0000000700e00000, 0x000000070b800000, 0x00000007aaf00000)
  object space 174080K, 0% used [0x0000000700e00000,0x0000000700e1c000,0x000000070b800000)
 PSPermGen       total 21504K, used 13318K [0x00000006fbc00000, 0x00000006fd100000, 0x0000000700e00000)
  object space 21504K, 61% used [0x00000006fbc00000,0x00000006fc901860,0x00000006fd100000)
Event: 2.281 GC heap after
Heap after GC invocations=4 (full 0):
 PSYoungGen      total 141824K, used 10720K [0x00000007aaf00000, 0x00000007b4400000, 0x0000000800000000)
  eden space 131072K, 0% used [0x00000007aaf00000,0x00000007aaf00000,0x00000007b2f00000)
  from space 10752K, 99% used [0x00000007b3980000,0x00000007b43f8170,0x00000007b4400000)
  to   space 10752K, 0% used [0x00000007b2f00000,0x00000007b2f00000,0x00000007b3980000)
 ParOldGen       total 174080K, used 3472K [0x0000000700e00000, 0x000000070b800000, 0x00000007aaf00000)
  object space 174080K, 1% used [0x0000000700e00000,0x0000000701164350,0x000000070b800000)
 PSPermGen       total 21504K, used 13318K [0x00000006fbc00000, 0x00000006fd100000, 0x0000000700e00000)
  object space 21504K, 61% used [0x00000006fbc00000,0x00000006fc901860,0x00000006fd100000)
}
Event: 4.200 GC heap before
{Heap before GC invocations=5 (full 0):
 PSYoungGen      total 141824K, used 141792K [0x00000007aaf00000, 0x00000007b4400000, 0x0000000800000000)
  eden space 131072K, 100% used [0x00000007aaf00000,0x00000007b2f00000,0x00000007b2f00000)
  from space 10752K, 99% used [0x00000007b3980000,0x00000007b43f8170,0x00000007b4400000)
  to   space 10752K, 0% used [0x00000007b2f00000,0x00000007b2f00000,0x00000007b3980000)
 ParOldGen       total 174080K, used 3472K [0x0000000700e00000, 0x000000070b800000, 0x00000007aaf00000)
  object space 174080K, 1% used [0x0000000700e00000,0x0000000701164350,0x000000070b800000)
 PSPermGen       total 21504K, used 17448K [0x00000006fbc00000, 0x00000006fd100000, 0x0000000700e00000)
  object space 21504K, 81% used [0x00000006fbc00000,0x00000006fcd0a240,0x00000006fd100000)
Event: 4.217 GC heap after
Heap after GC invocations=5 (full 0):
 PSYoungGen      total 141824K, used 10726K [0x00000007aaf00000, 0x00000007b4400000, 0x0000000800000000)
  eden space 131072K, 0% used [0x00000007aaf00000,0x00000007aaf00000,0x00000007b2f00000)
  from space 10752K, 99% used [0x00000007b2f00000,0x00000007b39798a0,0x00000007b3980000)
  to   space 10752K, 0% used [0x00000007b3980000,0x00000007b3980000,0x00000007b4400000)
 ParOldGen       total 174080K, used 18142K [0x0000000700e00000, 0x000000070b800000, 0x00000007aaf00000)
  object space 174080K, 10% used [0x0000000700e00000,0x0000000701fb7b70,0x000000070b800000)
 PSPermGen       total 21504K, used 17448K [0x00000006fbc00000, 0x00000006fd100000, 0x0000000700e00000)
  object space 21504K, 81% used [0x00000006fbc00000,0x00000006fcd0a240,0x00000006fd100000)
}

Deoptimization events (10 events):
Event: 3.848 Thread 0x000000000257d800 Uncommon trap: reason=class_check action=maybe_recompile pc=0x0000000002823ebc method=java.util.AbstractMap.equals(Ljava/lang/Object;)Z @ 8
Event: 4.001 Thread 0x000000000257d800 Uncommon trap: reason=class_check action=maybe_recompile pc=0x00000000026f01cc method=sun.misc.URLClassPath.getLoader(I)Lsun/misc/URLClassPath$Loader; @ 150
Event: 4.002 Thread 0x000000000257d800 Uncommon trap: reason=class_check action=maybe_recompile pc=0x00000000026f01cc method=sun.misc.URLClassPath.getLoader(I)Lsun/misc/URLClassPath$Loader; @ 150
Event: 4.069 Thread 0x000000000257d800 Uncommon trap: reason=predicate action=maybe_recompile pc=0x00000000028e9bb8 method=java.util.ComparableTimSort.mergeHi(IIII)V @ 174
Event: 4.189 Thread 0x000000000257d800 Uncommon trap: reason=unreached action=reinterpret pc=0x00000000028aad58 method=org.apache.maven.model.Contributor.clone()Lorg/apache/maven/model/Contributor; @ 12
Event: 4.448 Thread 0x000000000257d800 Uncommon trap: reason=bimorphic action=maybe_recompile pc=0x0000000002847528 method=java.util.HashMap.putAll(Ljava/util/Map;)V @ 121
Event: 4.460 Thread 0x000000000257d800 Uncommon trap: reason=unreached action=reinterpret pc=0x00000000027d8c60 method=org.apache.maven.model.Dependency.clone()Lorg/apache/maven/model/Dependency; @ 76
Event: 4.461 Thread 0x000000000257d800 Uncommon trap: reason=unreached action=reinterpret pc=0x0000000002811a9c method=org.apache.maven.model.PluginContainer.clone()Lorg/apache/maven/model/PluginContainer; @ 76
Event: 4.494 Thread 0x000000000257d800 Uncommon trap: reason=bimorphic action=maybe_recompile pc=0x0000000002747b40 method=java.util.regex.Pattern$Curly.study(Ljava/util/regex/Pattern$TreeInfo;)Z @ 149
Event: 4.683 Thread 0x000000000257d800 Uncommon trap: reason=unreached action=reinterpret pc=0x00000000027d2d5c method=org.apache.maven.model.ConfigurationContainer.getLocation(Ljava/lang/Object;)Lorg/apache/maven/model/InputLocation; @ 4

Internal exceptions (10 events):
Event: 4.678 Thread 0x000000000257d800 Threw 0x00000007acd67e08 at C:\re\jdk7u79\2331\hotspot\src\share\vm\prims\jvm.cpp:1304
Event: 4.679 Thread 0x000000000257d800 Threw 0x00000007acd73608 at C:\re\jdk7u79\2331\hotspot\src\share\vm\prims\jvm.cpp:1304
Event: 4.679 Thread 0x000000000257d800 Threw 0x00000007acd7b750 at C:\re\jdk7u79\2331\hotspot\src\share\vm\prims\jvm.cpp:1304
Event: 4.679 Thread 0x000000000257d800 Threw 0x00000007acd80610 at C:\re\jdk7u79\2331\hotspot\src\share\vm\prims\jvm.cpp:1304
Event: 4.680 Thread 0x000000000257d800 Threw 0x00000007acd8a3f0 at C:\re\jdk7u79\2331\hotspot\src\share\vm\prims\jvm.cpp:1304
Event: 4.680 Thread 0x000000000257d800 Threw 0x00000007acd926d0 at C:\re\jdk7u79\2331\hotspot\src\share\vm\prims\jvm.cpp:1304
Event: 4.681 Thread 0x000000000257d800 Threw 0x00000007acd98cc0 at C:\re\jdk7u79\2331\hotspot\src\share\vm\prims\jvm.cpp:1304
Event: 4.683 Thread 0x000000000257d800 Threw 0x00000007acdadba0 at C:\re\jdk7u79\2331\hotspot\src\share\vm\prims\jvm.cpp:1304
Event: 4.683 Thread 0x000000000257d800 Threw 0x00000007acde35f0 at C:\re\jdk7u79\2331\hotspot\src\share\vm\prims\jvm.cpp:1304
Event: 4.683 Thread 0x000000000257d800 Threw 0x00000007acde3fa8 at C:\re\jdk7u79\2331\hotspot\src\share\vm\prims\jvm.cpp:1304

Events (10 events):
Event: 4.683 loading class 0x0000000012cdf490 done
Event: 4.683 loading class 0x0000000012cdf490
Event: 4.683 loading class 0x0000000012cdf490 done
Event: 4.683 Thread 0x000000000257d800 Uncommon trap: trap_request=0xffffffad fr.pc=0x00000000027d2d5c
Event: 4.683 Thread 0x000000000257d800 DEOPT PACKING pc=0x00000000027d2d5c sp=0x000000000248e0c0
Event: 4.683 Thread 0x000000000257d800 DEOPT UNPACKING pc=0x00000000026b75a4 sp=0x000000000248e068 mode 2
Event: 4.683 loading class 0x000000001252af20
Event: 4.683 loading class 0x000000001252af20 done
Event: 4.683 loading class 0x00000000125366f0
Event: 4.683 loading class 0x00000000125366f0 done


Dynamic libraries:
0x00007ff70dd70000 - 0x00007ff70dda3000 	C:\Program Files\Java\jdk1.7.0_79\bin\java.exe
0x00007ffbf7e80000 - 0x00007ffbf8061000 	C:\WINDOWS\SYSTEM32\ntdll.dll
0x00007ffbccc00000 - 0x00007ffbccc12000 	C:\Program Files\AVAST Software\Avast\aswhook.dll
0x00007ffbf5370000 - 0x00007ffbf5421000 	C:\WINDOWS\System32\KERNEL32.DLL
0x00007ffbf4a50000 - 0x00007ffbf4cc3000 	C:\WINDOWS\System32\KERNELBASE.dll
0x00007ffbf7250000 - 0x00007ffbf72f1000 	C:\WINDOWS\System32\ADVAPI32.dll
0x00007ffbf7db0000 - 0x00007ffbf7e4e000 	C:\WINDOWS\System32\msvcrt.dll
0x00007ffbf5310000 - 0x00007ffbf536b000 	C:\WINDOWS\System32\sechost.dll
0x00007ffbf5920000 - 0x00007ffbf5a44000 	C:\WINDOWS\System32\RPCRT4.dll
0x00007ffbf77a0000 - 0x00007ffbf7930000 	C:\WINDOWS\System32\USER32.dll
0x00007ffbf4cd0000 - 0x00007ffbf4cf0000 	C:\WINDOWS\System32\win32u.dll
0x00007ffbf5430000 - 0x00007ffbf5458000 	C:\WINDOWS\System32\GDI32.dll
0x00007ffbf4fc0000 - 0x00007ffbf5152000 	C:\WINDOWS\System32\gdi32full.dll
0x00007ffbf4960000 - 0x00007ffbf49ff000 	C:\WINDOWS\System32\msvcp_win.dll
0x00007ffbf5210000 - 0x00007ffbf5308000 	C:\WINDOWS\System32\ucrtbase.dll
0x00007ffbebaf0000 - 0x00007ffbebd59000 	C:\WINDOWS\WinSxS\amd64_microsoft.windows.common-controls_6595b64144ccf1df_6.0.17134.706_none_fb43a2cb30647007\COMCTL32.dll
0x00007ffbf7930000 - 0x00007ffbf7c52000 	C:\WINDOWS\System32\combase.dll
0x00007ffbf4cf0000 - 0x00007ffbf4d6a000 	C:\WINDOWS\System32\bcryptPrimitives.dll
0x00007ffbf74a0000 - 0x00007ffbf74cd000 	C:\WINDOWS\System32\IMM32.DLL
0x000000006cf40000 - 0x000000006d012000 	C:\Program Files\Java\jdk1.7.0_79\jre\bin\msvcr100.dll
0x000000006d020000 - 0x000000006d7f5000 	C:\Program Files\Java\jdk1.7.0_79\jre\bin\server\jvm.dll
0x00007ffbf5460000 - 0x00007ffbf5468000 	C:\WINDOWS\System32\PSAPI.DLL
0x00007ffbe2740000 - 0x00007ffbe2749000 	C:\WINDOWS\SYSTEM32\WSOCK32.dll
0x00007ffbf74d0000 - 0x00007ffbf753c000 	C:\WINDOWS\System32\WS2_32.dll
0x00007ffbf2360000 - 0x00007ffbf2383000 	C:\WINDOWS\SYSTEM32\WINMM.dll
0x00007ffbf2330000 - 0x00007ffbf235a000 	C:\WINDOWS\SYSTEM32\WINMMBASE.dll
0x00007ffbf4a00000 - 0x00007ffbf4a49000 	C:\WINDOWS\System32\cfgmgr32.dll
0x000000006cef0000 - 0x000000006ceff000 	C:\Program Files\Java\jdk1.7.0_79\jre\bin\verify.dll
0x000000006cec0000 - 0x000000006cee8000 	C:\Program Files\Java\jdk1.7.0_79\jre\bin\java.dll
0x000000006cea0000 - 0x000000006ceb5000 	C:\Program Files\Java\jdk1.7.0_79\jre\bin\zip.dll
0x000000006ce80000 - 0x000000006ce9a000 	C:\Program Files\Java\jdk1.7.0_79\jre\bin\net.dll
0x00007ffbf3a10000 - 0x00007ffbf3a76000 	C:\WINDOWS\system32\mswsock.dll
0x000000006ce60000 - 0x000000006ce71000 	C:\Program Files\Java\jdk1.7.0_79\jre\bin\nio.dll

VM Arguments:
jvm_args: -Dclassworlds.conf=D:\NetBeans 8.1\java\maven\bin\m2.conf -Dmaven.home=D:\NetBeans 8.1\java\maven 
java_command: org.codehaus.plexus.classworlds.launcher.Launcher -DskipTests=true -Dmaven.ext.class.path=D:\NetBeans 8.1\java\maven-nblib\netbeans-eventspy.jar -Dfile.encoding=UTF-8 clean install
Launcher Type: SUN_STANDARD

Environment Variables:
JAVA_HOME=C:\Program Files\Java\jdk1.7.0_79
PATH=C:\Program Files\Microsoft MPI\Bin\;C:\Program Files (x86)\Common Files\Oracle\Java\javapath;C:\ProgramData\Oracle\Java\javapath;C:\WINDOWS\system32;C:\WINDOWS;C:\WINDOWS\System32\Wbem;C:\WINDOWS\System32\WindowsPowerShell\v1.0\;C:\Program Files (x86)\GtkSharp\2.12\bin;C:\Program Files\Git\cmd;C:\Program Files\nodejs\;C:\ProgramData\chocolatey\bin;C:\WINDOWS\System32\OpenSSH\;C:\Program Files (x86)\NVIDIA Corporation\PhysX\Common;C:\Program Files\dotnet\;C:\Program Files\Microsoft SQL Server\130\Tools\Binn\;D:\mercurial\;C:\Program Files\NVIDIA Corporation\NVIDIA NvDLISR;C:\Users\LucasRoman\AppData\Local\Microsoft\WindowsApps;C:\Users\LucasRoman\AppData\Roaming\npm;
USERNAME=LucasRoman
OS=Windows_NT
PROCESSOR_IDENTIFIER=Intel64 Family 6 Model 60 Stepping 3, GenuineIntel



---------------  S Y S T E M  ---------------

OS: Windows 8.1 , 64 bit Build 9600 

CPU:total 8 (4 cores per cpu, 2 threads per core) family 6 model 60 stepping 3, cmov, cx8, fxsr, mmx, sse, sse2, sse3, ssse3, sse4.1, sse4.2, popcnt, avx, avx2, aes, erms, ht, tsc, tscinvbit

Memory: 4k page, physical 16712616k(6192744k free), swap 20056176k(5440k free)

vm_info: Java HotSpot(TM) 64-Bit Server VM (24.79-b02) for windows-amd64 JRE (1.7.0_79-b15), built on Apr 10 2015 12:36:16 by "java_re" with unknown MS VC++:1600

time: Sun May 05 03:59:07 2019
elapsed time: 4 seconds

