#
# There is insufficient memory for the Java Runtime Environment to continue.
# Native memory allocation (malloc) failed to allocate 1070736 bytes for Chunk::new
# Possible reasons:
#   The system is out of physical RAM or swap space
#   In 32 bit mode, the process size limit was hit
# Possible solutions:
#   Reduce memory load on the system
#   Increase physical memory or swap space
#   Check if swap backing store is full
#   Use 64 bit Java on a 64 bit OS
#   Decrease Java heap size (-Xmx/-Xms)
#   Decrease number of Java threads
#   Decrease Java thread stack sizes (-Xss)
#   Set larger code cache with -XX:ReservedCodeCacheSize=
# This output file may be truncated or incomplete.
#
#  Out of Memory Error (allocation.cpp:323), pid=44756, tid=44220
#
# JRE version: Java(TM) SE Runtime Environment (7.0_79-b15) (build 1.7.0_79-b15)
# Java VM: Java HotSpot(TM) 64-Bit Server VM (24.79-b02 mixed mode windows-amd64 compressed oops)
# Failed to write core dump. Minidumps are not enabled by default on client versions of Windows
#

---------------  T H R E A D  ---------------

Current thread (0x0000000012422800):  JavaThread "C2 CompilerThread0" daemon [_thread_in_native, id=44220, stack(0x0000000012a00000,0x0000000012b00000)]

Stack: [0x0000000012a00000,0x0000000012b00000]
[error occurred during error reporting (printing stack bounds), id 0xc0000005]


Current CompileTask:
C2:   3593  594             org.sonatype.guice.plexus.locators.DefaultPlexusBeans$Itr::next (5 bytes)


---------------  P R O C E S S  ---------------

Java Threads: ( => current thread )
  0x0000000012429000 JavaThread "Service Thread" daemon [_thread_blocked, id=33416, stack(0x0000000012c00000,0x0000000012d00000)]
  0x0000000012428000 JavaThread "C2 CompilerThread1" daemon [_thread_in_native, id=46272, stack(0x0000000012b00000,0x0000000012c00000)]
=>0x0000000012422800 JavaThread "C2 CompilerThread0" daemon [_thread_in_native, id=44220, stack(0x0000000012a00000,0x0000000012b00000)]
  0x000000000313e000 JavaThread "Attach Listener" daemon [_thread_blocked, id=46160, stack(0x0000000012900000,0x0000000012a00000)]
  0x0000000012421800 JavaThread "Signal Dispatcher" daemon [_thread_blocked, id=41948, stack(0x0000000012800000,0x0000000012900000)]
  0x000000001042e000 JavaThread "Finalizer" daemon [_thread_blocked, id=34128, stack(0x0000000012300000,0x0000000012400000)]
  0x0000000010427800 JavaThread "Reference Handler" daemon [_thread_blocked, id=45440, stack(0x0000000012200000,0x0000000012300000)]
  0x000000000303d800 JavaThread "main" [_thread_in_native, id=34904, stack(0x0000000002f00000,0x0000000003000000)]

Other Threads:
  0x0000000010423800 VMThread [stack: 0x0000000012100000,0x0000000012200000] [id=38876]
  0x0000000012436000 WatcherThread [stack: 0x0000000012d00000,0x0000000012e00000] [id=46656]

VM state:not at safepoint (normal execution)

VM Mutex/Monitor currently owned by a thread: None

Heap
 PSYoungGen      total 141824K, used 70431K [0x00000007aaf00000, 0x00000007b4400000, 0x0000000800000000)
  eden space 131072K, 45% used [0x00000007aaf00000,0x00000007ae94fd28,0x00000007b2f00000)
  from space 10752K, 99% used [0x00000007b3980000,0x00000007b43f8020,0x00000007b4400000)
  to   space 10752K, 0% used [0x00000007b2f00000,0x00000007b2f00000,0x00000007b3980000)
 ParOldGen       total 174080K, used 3274K [0x0000000700e00000, 0x000000070b800000, 0x00000007aaf00000)
  object space 174080K, 1% used [0x0000000700e00000,0x0000000701132b18,0x000000070b800000)
 PSPermGen       total 21504K, used 14689K [0x00000006fbc00000, 0x00000006fd100000, 0x0000000700e00000)
  object space 21504K, 68% used [0x00000006fbc00000,0x00000006fca584d8,0x00000006fd100000)

Card table byte_map: [0x0000000006200000,0x0000000006a30000] byte_map_base: 0x0000000002a22000

Polling page: 0x0000000001470000

Code Cache  [0x0000000003140000, 0x00000000033b0000, 0x0000000006140000)
 total_blobs=864 nmethods=578 adapters=237 free_code_cache=46965Kb largest_free_block=48020480

Compilation events (10 events):
Event: 3.350 Thread 0x0000000012422800 nmethod 590 0x000000000333de10 code [0x000000000333df40, 0x000000000333dff8]
Event: 3.356 Thread 0x0000000012422800  591             com.google.common.base.Preconditions::checkNotNull (18 bytes)
Event: 3.356 Thread 0x0000000012422800 nmethod 591 0x000000000333dc10 code [0x000000000333dd40, 0x000000000333dd98]
Event: 3.360 Thread 0x0000000012422800  592             com.google.inject.internal.Errors::throwIfNewErrors (14 bytes)
Event: 3.360 Thread 0x0000000012422800 nmethod 592 0x000000000333d850 code [0x000000000333d9a0, 0x000000000333da68]
Event: 3.392 Thread 0x0000000012422800  593             org.sonatype.guice.bean.locators.RankedSequence$Itr::next (47 bytes)
Event: 3.394 Thread 0x0000000012422800 nmethod 593 0x00000000031bfd50 code [0x00000000031bfea0, 0x00000000031c01b8]
Event: 3.394 Thread 0x0000000012422800  594             org.sonatype.guice.plexus.locators.DefaultPlexusBeans$Itr::next (5 bytes)
Event: 3.478 Thread 0x0000000012428000 nmethod 577 0x0000000003364110 code [0x0000000003364ee0, 0x000000000336c710]
Event: 3.479 Thread 0x0000000012428000  595             org.sonatype.guice.plexus.locators.DefaultPlexusBeans$Itr::next (20 bytes)

GC Heap History (8 events):
Event: 0.914 GC heap before
{Heap before GC invocations=1 (full 0):
 PSYoungGen      total 76288K, used 65536K [0x00000007aaf00000, 0x00000007b0400000, 0x0000000800000000)
  eden space 65536K, 100% used [0x00000007aaf00000,0x00000007aef00000,0x00000007aef00000)
  from space 10752K, 0% used [0x00000007af980000,0x00000007af980000,0x00000007b0400000)
  to   space 10752K, 0% used [0x00000007aef00000,0x00000007aef00000,0x00000007af980000)
 ParOldGen       total 174080K, used 0K [0x0000000700e00000, 0x000000070b800000, 0x00000007aaf00000)
  object space 174080K, 0% used [0x0000000700e00000,0x0000000700e00000,0x000000070b800000)
 PSPermGen       total 21504K, used 11787K [0x00000006fbc00000, 0x00000006fd100000, 0x0000000700e00000)
  object space 21504K, 54% used [0x00000006fbc00000,0x00000006fc782c18,0x00000006fd100000)
Event: 0.923 GC heap after
Heap after GC invocations=1 (full 0):
 PSYoungGen      total 76288K, used 10084K [0x00000007aaf00000, 0x00000007b0400000, 0x0000000800000000)
  eden space 65536K, 0% used [0x00000007aaf00000,0x00000007aaf00000,0x00000007aef00000)
  from space 10752K, 93% used [0x00000007aef00000,0x00000007af8d9058,0x00000007af980000)
  to   space 10752K, 0% used [0x00000007af980000,0x00000007af980000,0x00000007b0400000)
 ParOldGen       total 174080K, used 8K [0x0000000700e00000, 0x000000070b800000, 0x00000007aaf00000)
  object space 174080K, 0% used [0x0000000700e00000,0x0000000700e02000,0x000000070b800000)
 PSPermGen       total 21504K, used 11787K [0x00000006fbc00000, 0x00000006fd100000, 0x0000000700e00000)
  object space 21504K, 54% used [0x00000006fbc00000,0x00000006fc782c18,0x00000006fd100000)
}
Event: 1.318 GC heap before
{Heap before GC invocations=2 (full 0):
 PSYoungGen      total 76288K, used 75620K [0x00000007aaf00000, 0x00000007b0400000, 0x0000000800000000)
  eden space 65536K, 100% used [0x00000007aaf00000,0x00000007aef00000,0x00000007aef00000)
  from space 10752K, 93% used [0x00000007aef00000,0x00000007af8d9058,0x00000007af980000)
  to   space 10752K, 0% used [0x00000007af980000,0x00000007af980000,0x00000007b0400000)
 ParOldGen       total 174080K, used 8K [0x0000000700e00000, 0x000000070b800000, 0x00000007aaf00000)
  object space 174080K, 0% used [0x0000000700e00000,0x0000000700e02000,0x000000070b800000)
 PSPermGen       total 21504K, used 12360K [0x00000006fbc00000, 0x00000006fd100000, 0x0000000700e00000)
  object space 21504K, 57% used [0x00000006fbc00000,0x00000006fc812278,0x00000006fd100000)
Event: 1.324 GC heap after
Heap after GC invocations=2 (full 0):
 PSYoungGen      total 76288K, used 8081K [0x00000007aaf00000, 0x00000007b4400000, 0x0000000800000000)
  eden space 65536K, 0% used [0x00000007aaf00000,0x00000007aaf00000,0x00000007aef00000)
  from space 10752K, 75% used [0x00000007af980000,0x00000007b0164468,0x00000007b0400000)
  to   space 10752K, 0% used [0x00000007aef00000,0x00000007aef00000,0x00000007af980000)
 ParOldGen       total 174080K, used 16K [0x0000000700e00000, 0x000000070b800000, 0x00000007aaf00000)
  object space 174080K, 0% used [0x0000000700e00000,0x0000000700e04000,0x000000070b800000)
 PSPermGen       total 21504K, used 12360K [0x00000006fbc00000, 0x00000006fd100000, 0x0000000700e00000)
  object space 21504K, 57% used [0x00000006fbc00000,0x00000006fc812278,0x00000006fd100000)
}
Event: 1.623 GC heap before
{Heap before GC invocations=3 (full 0):
 PSYoungGen      total 76288K, used 73617K [0x00000007aaf00000, 0x00000007b4400000, 0x0000000800000000)
  eden space 65536K, 100% used [0x00000007aaf00000,0x00000007aef00000,0x00000007aef00000)
  from space 10752K, 75% used [0x00000007af980000,0x00000007b0164468,0x00000007b0400000)
  to   space 10752K, 0% used [0x00000007aef00000,0x00000007aef00000,0x00000007af980000)
 ParOldGen       total 174080K, used 16K [0x0000000700e00000, 0x000000070b800000, 0x00000007aaf00000)
  object space 174080K, 0% used [0x0000000700e00000,0x0000000700e04000,0x000000070b800000)
 PSPermGen       total 21504K, used 12420K [0x00000006fbc00000, 0x00000006fd100000, 0x0000000700e00000)
  object space 21504K, 57% used [0x00000006fbc00000,0x00000006fc821118,0x00000006fd100000)
Event: 1.628 GC heap after
Heap after GC invocations=3 (full 0):
 PSYoungGen      total 76288K, used 10720K [0x00000007aaf00000, 0x00000007b4400000, 0x0000000800000000)
  eden space 65536K, 0% used [0x00000007aaf00000,0x00000007aaf00000,0x00000007aef00000)
  from space 10752K, 99% used [0x00000007aef00000,0x00000007af978170,0x00000007af980000)
  to   space 10752K, 0% used [0x00000007b3980000,0x00000007b3980000,0x00000007b4400000)
 ParOldGen       total 174080K, used 96K [0x0000000700e00000, 0x000000070b800000, 0x00000007aaf00000)
  object space 174080K, 0% used [0x0000000700e00000,0x0000000700e18000,0x000000070b800000)
 PSPermGen       total 21504K, used 12420K [0x00000006fbc00000, 0x00000006fd100000, 0x0000000700e00000)
  object space 21504K, 57% used [0x00000006fbc00000,0x00000006fc821118,0x00000006fd100000)
}
Event: 2.132 GC heap before
{Heap before GC invocations=4 (full 0):
 PSYoungGen      total 76288K, used 76256K [0x00000007aaf00000, 0x00000007b4400000, 0x0000000800000000)
  eden space 65536K, 100% used [0x00000007aaf00000,0x00000007aef00000,0x00000007aef00000)
  from space 10752K, 99% used [0x00000007aef00000,0x00000007af978170,0x00000007af980000)
  to   space 10752K, 0% used [0x00000007b3980000,0x00000007b3980000,0x00000007b4400000)
 ParOldGen       total 174080K, used 96K [0x0000000700e00000, 0x000000070b800000, 0x00000007aaf00000)
  object space 174080K, 0% used [0x0000000700e00000,0x0000000700e18000,0x000000070b800000)
 PSPermGen       total 21504K, used 13149K [0x00000006fbc00000, 0x00000006fd100000, 0x0000000700e00000)
  object space 21504K, 61% used [0x00000006fbc00000,0x00000006fc8d7680,0x00000006fd100000)
Event: 2.139 GC heap after
Heap after GC invocations=4 (full 0):
 PSYoungGen      total 141824K, used 10720K [0x00000007aaf00000, 0x00000007b4400000, 0x0000000800000000)
  eden space 131072K, 0% used [0x00000007aaf00000,0x00000007aaf00000,0x00000007b2f00000)
  from space 10752K, 99% used [0x00000007b3980000,0x00000007b43f8020,0x00000007b4400000)
  to   space 10752K, 0% used [0x00000007b2f00000,0x00000007b2f00000,0x00000007b3980000)
 ParOldGen       total 174080K, used 3274K [0x0000000700e00000, 0x000000070b800000, 0x00000007aaf00000)
  object space 174080K, 1% used [0x0000000700e00000,0x0000000701132b18,0x000000070b800000)
 PSPermGen       total 21504K, used 13149K [0x00000006fbc00000, 0x00000006fd100000, 0x0000000700e00000)
  object space 21504K, 61% used [0x00000006fbc00000,0x00000006fc8d7680,0x00000006fd100000)
}

Deoptimization events (10 events):
Event: 2.318 Thread 0x000000000303d800 Uncommon trap: reason=bimorphic action=maybe_recompile pc=0x00000000033197e8 method=java.util.HashMap.putAll(Ljava/util/Map;)V @ 121
Event: 2.586 Thread 0x000000000303d800 Uncommon trap: reason=class_check action=maybe_recompile pc=0x00000000032d137c method=java.util.AbstractMap.equals(Ljava/lang/Object;)Z @ 8
Event: 2.588 Thread 0x000000000303d800 Uncommon trap: reason=class_check action=maybe_recompile pc=0x00000000032d137c method=java.util.AbstractMap.equals(Ljava/lang/Object;)Z @ 8
Event: 3.210 Thread 0x000000000303d800 Uncommon trap: reason=null_check action=make_not_entrant pc=0x0000000003229d34 method=java.util.jar.Attributes.putValue(Ljava/lang/String;Ljava/lang/String;)Ljava/lang/String; @ 13
Event: 3.235 Thread 0x000000000303d800 Uncommon trap: reason=null_check action=make_not_entrant pc=0x00000000033154c0 method=org.apache.maven.model.merge.MavenModelMerger.mergePlugin_Executions(Lorg/apache/maven/model/Plugin;Lorg/apache/maven/model/Plugin;ZLjava/util/Map;)V @ 180
Event: 3.379 Thread 0x000000000303d800 Uncommon trap: reason=bimorphic action=maybe_recompile pc=0x00000000033197e8 method=java.util.HashMap.putAll(Ljava/util/Map;)V @ 121
Event: 3.390 Thread 0x000000000303d800 Uncommon trap: reason=unreached action=reinterpret pc=0x000000000328e720 method=org.apache.maven.model.Dependency.clone()Lorg/apache/maven/model/Dependency; @ 76
Event: 3.391 Thread 0x000000000303d800 Uncommon trap: reason=unreached action=reinterpret pc=0x00000000032e7bf4 method=org.apache.maven.model.ConfigurationContainer.clone()Lorg/apache/maven/model/ConfigurationContainer; @ 37
Event: 3.427 Thread 0x000000000303d800 Uncommon trap: reason=bimorphic action=maybe_recompile pc=0x0000000003344780 method=java.util.regex.Pattern$Curly.study(Ljava/util/regex/Pattern$TreeInfo;)Z @ 149
Event: 3.427 Thread 0x000000000303d800 Uncommon trap: reason=bimorphic action=maybe_recompile pc=0x0000000003274360 method=java.util.regex.Pattern$CharProperty.study(Ljava/util/regex/Pattern$TreeInfo;)Z @ 25

Internal exceptions (10 events):
Event: 3.531 Thread 0x000000000303d800 Threw 0x00000007ae88f888 at C:\re\jdk7u79\2331\hotspot\src\share\vm\prims\jvm.cpp:1304
Event: 3.532 Thread 0x000000000303d800 Threw 0x00000007ae899158 at C:\re\jdk7u79\2331\hotspot\src\share\vm\prims\jvm.cpp:1304
Event: 3.532 Thread 0x000000000303d800 Threw 0x00000007ae8a2ad8 at C:\re\jdk7u79\2331\hotspot\src\share\vm\prims\jvm.cpp:1304
Event: 3.533 Thread 0x000000000303d800 Threw 0x00000007ae8a8be8 at C:\re\jdk7u79\2331\hotspot\src\share\vm\prims\jvm.cpp:1304
Event: 3.533 Thread 0x000000000303d800 Threw 0x00000007ae8b3fa0 at C:\re\jdk7u79\2331\hotspot\src\share\vm\prims\jvm.cpp:1304
Event: 3.533 Thread 0x000000000303d800 Threw 0x00000007ae8bb200 at C:\re\jdk7u79\2331\hotspot\src\share\vm\prims\jvm.cpp:1304
Event: 3.533 Thread 0x000000000303d800 Threw 0x00000007ae8c3658 at C:\re\jdk7u79\2331\hotspot\src\share\vm\prims\jvm.cpp:1304
Event: 3.534 Thread 0x000000000303d800 Threw 0x00000007ae8c97e0 at C:\re\jdk7u79\2331\hotspot\src\share\vm\prims\jvm.cpp:1304
Event: 3.534 Thread 0x000000000303d800 Threw 0x00000007ae8d1d68 at C:\re\jdk7u79\2331\hotspot\src\share\vm\prims\jvm.cpp:1304
Event: 3.547 Thread 0x000000000303d800 Threw 0x00000007ae8e6888 at C:\re\jdk7u79\2331\hotspot\src\share\vm\prims\jvm.cpp:1304

Events (10 events):
Event: 3.534 loading class 0x00000000135cf550
Event: 3.534 loading class 0x00000000135cf550 done
Event: 3.534 loading class 0x00000000135cf550
Event: 3.534 loading class 0x00000000135cf550 done
Event: 3.536 loading class 0x00000000125add60
Event: 3.536 loading class 0x00000000125add60 done
Event: 3.547 loading class 0x00000000135ce060
Event: 3.547 loading class 0x00000000135ce060 done
Event: 3.547 loading class 0x00000000135ce060
Event: 3.547 loading class 0x00000000135ce060 done


Dynamic libraries:
0x00007ff70dd70000 - 0x00007ff70dda3000 	C:\Program Files\Java\jdk1.7.0_79\bin\java.exe
0x00007ffbf7e80000 - 0x00007ffbf8061000 	C:\WINDOWS\SYSTEM32\ntdll.dll
0x00007ffbccc00000 - 0x00007ffbccc12000 	C:\Program Files\AVAST Software\Avast\aswhook.dll
0x00007ffbf5370000 - 0x00007ffbf5421000 	C:\WINDOWS\System32\KERNEL32.DLL
0x00007ffbf4a50000 - 0x00007ffbf4cc3000 	C:\WINDOWS\System32\KERNELBASE.dll
0x00007ffbf7250000 - 0x00007ffbf72f1000 	C:\WINDOWS\System32\ADVAPI32.dll
0x00007ffbf7db0000 - 0x00007ffbf7e4e000 	C:\WINDOWS\System32\msvcrt.dll
0x00007ffbf5310000 - 0x00007ffbf536b000 	C:\WINDOWS\System32\sechost.dll
0x00007ffbf5920000 - 0x00007ffbf5a44000 	C:\WINDOWS\System32\RPCRT4.dll
0x00007ffbf77a0000 - 0x00007ffbf7930000 	C:\WINDOWS\System32\USER32.dll
0x00007ffbf4cd0000 - 0x00007ffbf4cf0000 	C:\WINDOWS\System32\win32u.dll
0x00007ffbf5430000 - 0x00007ffbf5458000 	C:\WINDOWS\System32\GDI32.dll
0x00007ffbf4fc0000 - 0x00007ffbf5152000 	C:\WINDOWS\System32\gdi32full.dll
0x00007ffbf4960000 - 0x00007ffbf49ff000 	C:\WINDOWS\System32\msvcp_win.dll
0x00007ffbf5210000 - 0x00007ffbf5308000 	C:\WINDOWS\System32\ucrtbase.dll
0x00007ffbebaf0000 - 0x00007ffbebd59000 	C:\WINDOWS\WinSxS\amd64_microsoft.windows.common-controls_6595b64144ccf1df_6.0.17134.706_none_fb43a2cb30647007\COMCTL32.dll
0x00007ffbf7930000 - 0x00007ffbf7c52000 	C:\WINDOWS\System32\combase.dll
0x00007ffbf4cf0000 - 0x00007ffbf4d6a000 	C:\WINDOWS\System32\bcryptPrimitives.dll
0x00007ffbf74a0000 - 0x00007ffbf74cd000 	C:\WINDOWS\System32\IMM32.DLL
0x000000006cf40000 - 0x000000006d012000 	C:\Program Files\Java\jdk1.7.0_79\jre\bin\msvcr100.dll
0x000000006d020000 - 0x000000006d7f5000 	C:\Program Files\Java\jdk1.7.0_79\jre\bin\server\jvm.dll
0x00007ffbf5460000 - 0x00007ffbf5468000 	C:\WINDOWS\System32\PSAPI.DLL
0x00007ffbe2740000 - 0x00007ffbe2749000 	C:\WINDOWS\SYSTEM32\WSOCK32.dll
0x00007ffbf74d0000 - 0x00007ffbf753c000 	C:\WINDOWS\System32\WS2_32.dll
0x00007ffbf2360000 - 0x00007ffbf2383000 	C:\WINDOWS\SYSTEM32\WINMM.dll
0x00007ffbf2330000 - 0x00007ffbf235a000 	C:\WINDOWS\SYSTEM32\WINMMBASE.dll
0x00007ffbf4a00000 - 0x00007ffbf4a49000 	C:\WINDOWS\System32\cfgmgr32.dll
0x000000006cef0000 - 0x000000006ceff000 	C:\Program Files\Java\jdk1.7.0_79\jre\bin\verify.dll
0x000000006cec0000 - 0x000000006cee8000 	C:\Program Files\Java\jdk1.7.0_79\jre\bin\java.dll
0x000000006cea0000 - 0x000000006ceb5000 	C:\Program Files\Java\jdk1.7.0_79\jre\bin\zip.dll
0x000000006ce80000 - 0x000000006ce9a000 	C:\Program Files\Java\jdk1.7.0_79\jre\bin\net.dll
0x00007ffbf3a10000 - 0x00007ffbf3a76000 	C:\WINDOWS\system32\mswsock.dll
0x000000006ce60000 - 0x000000006ce71000 	C:\Program Files\Java\jdk1.7.0_79\jre\bin\nio.dll

VM Arguments:
jvm_args: -Dclassworlds.conf=D:\NetBeans 8.1\java\maven\bin\m2.conf -Dmaven.home=D:\NetBeans 8.1\java\maven 
java_command: org.codehaus.plexus.classworlds.launcher.Launcher -DskipTests=true -Dmaven.ext.class.path=D:\NetBeans 8.1\java\maven-nblib\netbeans-eventspy.jar -Dfile.encoding=UTF-8 install
Launcher Type: SUN_STANDARD

Environment Variables:
JAVA_HOME=C:\Program Files\Java\jdk1.7.0_79
PATH=C:\Program Files\Microsoft MPI\Bin\;C:\Program Files (x86)\Common Files\Oracle\Java\javapath;C:\ProgramData\Oracle\Java\javapath;C:\WINDOWS\system32;C:\WINDOWS;C:\WINDOWS\System32\Wbem;C:\WINDOWS\System32\WindowsPowerShell\v1.0\;C:\Program Files (x86)\GtkSharp\2.12\bin;C:\Program Files\Git\cmd;C:\Program Files\nodejs\;C:\ProgramData\chocolatey\bin;C:\WINDOWS\System32\OpenSSH\;C:\Program Files (x86)\NVIDIA Corporation\PhysX\Common;C:\Program Files\dotnet\;C:\Program Files\Microsoft SQL Server\130\Tools\Binn\;D:\mercurial\;C:\Program Files\NVIDIA Corporation\NVIDIA NvDLISR;C:\Users\LucasRoman\AppData\Local\Microsoft\WindowsApps;C:\Users\LucasRoman\AppData\Roaming\npm;
USERNAME=LucasRoman
OS=Windows_NT
PROCESSOR_IDENTIFIER=Intel64 Family 6 Model 60 Stepping 3, GenuineIntel



---------------  S Y S T E M  ---------------

OS: Windows 8.1 , 64 bit Build 9600 

CPU:total 8 (4 cores per cpu, 2 threads per core) family 6 model 60 stepping 3, cmov, cx8, fxsr, mmx, sse, sse2, sse3, ssse3, sse4.1, sse4.2, popcnt, avx, avx2, aes, erms, ht, tsc, tscinvbit

Memory: 4k page, physical 16712616k(6259156k free), swap 20056176k(7148k free)

vm_info: Java HotSpot(TM) 64-Bit Server VM (24.79-b02) for windows-amd64 JRE (1.7.0_79-b15), built on Apr 10 2015 12:36:16 by "java_re" with unknown MS VC++:1600

time: Sun May 05 04:00:21 2019
elapsed time: 3 seconds

